#
# There is insufficient memory for the Java Runtime Environment to continue.
# Native memory allocation (malloc) failed to allocate 564256 bytes. Error detail: Chunk::new
# Possible reasons:
#   The system is out of physical RAM or swap space
#   This process is running with CompressedOops enabled, and the Java Heap may be blocking the growth of the native heap
# Possible solutions:
#   Reduce memory load on the system
#   Increase physical memory or swap space
#   Check if swap backing store is full
#   Decrease Java heap size (-Xmx/-Xms)
#   Decrease number of Java threads
#   Decrease Java thread stack sizes (-Xss)
#   Set larger code cache with -XX:ReservedCodeCacheSize=
#   JVM is running with Unscaled Compressed Oops mode in which the Java heap is
#     placed in the first 4GB address space. The Java Heap base address is the
#     maximum limit for the native heap growth. Please use -XX:HeapBaseMinAddress
#     to set the Java Heap base and to place the Java Heap above 4GB virtual address.
# This output file may be truncated or incomplete.
#
#  Out of Memory Error (arena.cpp:168), pid=17388, tid=3056
#
# JRE version: OpenJDK Runtime Environment Temurin-21.0.10+7 (21.0.10+7) (build 21.0.10+7-LTS)
# Java VM: OpenJDK 64-Bit Server VM Temurin-21.0.10+7 (21.0.10+7-LTS, mixed mode, sharing, tiered, compressed oops, compressed class ptrs, parallel gc, windows-amd64)
# No core dump will be written. Minidumps are not enabled by default on client versions of Windows
#

---------------  S U M M A R Y ------------

Command Line: --add-modules=ALL-SYSTEM --add-opens=java.base/java.util=ALL-UNNAMED --add-opens=java.base/java.lang=ALL-UNNAMED --add-opens=java.base/sun.nio.fs=ALL-UNNAMED -Declipse.application=org.eclipse.jdt.ls.core.id1 -Dosgi.bundles.defaultStartLevel=4 -Declipse.product=org.eclipse.jdt.ls.core.product -Djava.import.generatesMetadataFilesAtProjectRoot=false -DDetectVMInstallationsJob.disabled=true -Dfile.encoding=utf8 -XX:+UseParallelGC -XX:GCTimeRatio=4 -XX:AdaptiveSizePolicyWeight=90 -Dsun.zip.disableMemoryMapping=true -Xmx2G -Xms100m -Xlog:disable -javaagent:c:\Users\Madhuri\.vscode\extensions\redhat.java-1.54.0-win32-x64\lombok\lombok-1.18.39-4050.jar -XX:+HeapDumpOnOutOfMemoryError -XX:HeapDumpPath=c:\Users\Madhuri\AppData\Roaming\Code\User\workspaceStorage\4500d73292ad80d9944d77f5f37dd611\redhat.java -Daether.dependencyCollector.impl=bf c:\Users\Madhuri\.vscode\extensions\redhat.java-1.54.0-win32-x64\server\plugins\org.eclipse.equinox.launcher_1.7.100.v20251111-0406.jar -configuration c:\Users\Madhuri\AppData\Roaming\Code\User\globalStorage\redhat.java\1.54.0\config_win -data c:\Users\Madhuri\AppData\Roaming\Code\User\workspaceStorage\4500d73292ad80d9944d77f5f37dd611\redhat.java\jdt_ws --pipe=\\.\pipe\lsp-4df4bb8d37a267b06e51744bb14f3c57-sock

Host: 12th Gen Intel(R) Core(TM) i5-12450H, 12 cores, 15G,  Windows 11 , 64 bit Build 26100 (10.0.26100.8246)
Time: Thu May  7 16:32:56 2026 India Standard Time elapsed time: 140.980391 seconds (0d 0h 2m 20s)

---------------  T H R E A D  ---------------

Current thread (0x000001f007d67f00):  JavaThread "C2 CompilerThread0" daemon [_thread_in_native, id=3056, stack(0x000000b296600000,0x000000b296700000) (1024K)]


Current CompileTask:
C2:140980 9840       4       java.lang.invoke.MethodHandleImpl::makePairwiseConvertByEditor (617 bytes)

Stack: [0x000000b296600000,0x000000b296700000]
Native frames: (J=compiled Java code, j=interpreted, Vv=VM code, C=native code)
V  [jvm.dll+0x6d7a39]
V  [jvm.dll+0x8b4b26]
V  [jvm.dll+0x8b70de]
V  [jvm.dll+0x8b77c3]
V  [jvm.dll+0x284346]
V  [jvm.dll+0xc66ed]
V  [jvm.dll+0xc6c31]
V  [jvm.dll+0x2fb29e]
V  [jvm.dll+0x5fe884]
V  [jvm.dll+0x255b17]
V  [jvm.dll+0x255edd]
V  [jvm.dll+0x24e500]
V  [jvm.dll+0x24ba42]
V  [jvm.dll+0x1cb34e]
V  [jvm.dll+0x25b85d]
V  [jvm.dll+0x259dea]
V  [jvm.dll+0x3f857e]
V  [jvm.dll+0x85f59d]
V  [jvm.dll+0x6d626d]
C  [ucrtbase.dll+0x37b0]
C  [KERNEL32.DLL+0x2e8d7]
C  [ntdll.dll+0x8c3fc]


---------------  P R O C E S S  ---------------

Threads class SMR info:
_java_thread_list=0x000001f0692eb430, length=52, elements={
0x000001f007cab040, 0x000001f007d543a0, 0x000001f007c5cc10, 0x000001f007d596e0,
0x000001f007d59050, 0x000001f007d59d70, 0x000001f007d589c0, 0x000001f007d67f00,
0x000001f060ad5b00, 0x000001f007d57ca0, 0x000001f007d568f0, 0x000001f007d56f80,
0x000001f007d58330, 0x000001f066651fb0, 0x000001f066651290, 0x000001f066652640,
0x000001f066652cd0, 0x000001f06664f850, 0x000001f066650c00, 0x000001f06664fee0,
0x000001f066655ac0, 0x000001f066654080, 0x000001f066655430, 0x000001f066654710,
0x000001f066656e70, 0x000001f0666567e0, 0x000001f066654da0, 0x000001f0666539f0,
0x000001f066656150, 0x000001f06621a410, 0x000001f066219d80, 0x000001f06621b7c0,
0x000001f06621b130, 0x000001f06621be50, 0x000001f06621c4e0, 0x000001f06621aaa0,
0x000001f0662196f0, 0x000001f066219060, 0x000001f06615dcd0, 0x000001f06615d640,
0x000001f06615e360, 0x000001f06615c290, 0x000001f06615aee0, 0x000001f06615e9f0,
0x000001f06615cfb0, 0x000001f06615b570, 0x000001f06615f080, 0x000001f06615bc00,
0x000001f066161e70, 0x000001f06615f710, 0x000001f06615c920, 0x000001f06b52b930
}

Java Threads: ( => current thread )
  0x000001f007cab040 JavaThread "main"                              [_thread_blocked, id=2612, stack(0x000000b295c00000,0x000000b295d00000) (1024K)]
  0x000001f007d543a0 JavaThread "Reference Handler"          daemon [_thread_blocked, id=19976, stack(0x000000b296000000,0x000000b296100000) (1024K)]
  0x000001f007c5cc10 JavaThread "Finalizer"                  daemon [_thread_blocked, id=27840, stack(0x000000b296100000,0x000000b296200000) (1024K)]
  0x000001f007d596e0 JavaThread "Signal Dispatcher"          daemon [_thread_blocked, id=18104, stack(0x000000b296200000,0x000000b296300000) (1024K)]
  0x000001f007d59050 JavaThread "Attach Listener"            daemon [_thread_blocked, id=3704, stack(0x000000b296300000,0x000000b296400000) (1024K)]
  0x000001f007d59d70 JavaThread "Service Thread"             daemon [_thread_blocked, id=20080, stack(0x000000b296400000,0x000000b296500000) (1024K)]
  0x000001f007d589c0 JavaThread "Monitor Deflation Thread"   daemon [_thread_blocked, id=27304, stack(0x000000b296500000,0x000000b296600000) (1024K)]
=>0x000001f007d67f00 JavaThread "C2 CompilerThread0"         daemon [_thread_in_native, id=3056, stack(0x000000b296600000,0x000000b296700000) (1024K)]
  0x000001f060ad5b00 JavaThread "C1 CompilerThread0"         daemon [_thread_blocked, id=24076, stack(0x000000b296700000,0x000000b296800000) (1024K)]
  0x000001f007d57ca0 JavaThread "Common-Cleaner"             daemon [_thread_blocked, id=17208, stack(0x000000b296900000,0x000000b296a00000) (1024K)]
  0x000001f007d568f0 JavaThread "Notification Thread"        daemon [_thread_blocked, id=20100, stack(0x000000b296a00000,0x000000b296b00000) (1024K)]
  0x000001f007d56f80 JavaThread "Active Thread: Equinox Container: f2f5e5ff-258d-4f50-b9ce-e7ea759cb7c4"        [_thread_blocked, id=20436, stack(0x000000b297200000,0x000000b297300000) (1024K)]
  0x000001f007d58330 JavaThread "Refresh Thread: Equinox Container: f2f5e5ff-258d-4f50-b9ce-e7ea759cb7c4" daemon [_thread_blocked, id=21420, stack(0x000000b297400000,0x000000b297500000) (1024K)]
  0x000001f066651fb0 JavaThread "Framework Event Dispatcher: Equinox Container: f2f5e5ff-258d-4f50-b9ce-e7ea759cb7c4" daemon [_thread_blocked, id=20256, stack(0x000000b297500000,0x000000b297600000) (1024K)]
  0x000001f066651290 JavaThread "Start Level: Equinox Container: f2f5e5ff-258d-4f50-b9ce-e7ea759cb7c4" daemon [_thread_blocked, id=20268, stack(0x000000b297600000,0x000000b297700000) (1024K)]
  0x000001f066652640 JavaThread "Bundle File Closer"         daemon [_thread_blocked, id=22504, stack(0x000000b297900000,0x000000b297a00000) (1024K)]
  0x000001f066652cd0 JavaThread "SCR Component Actor"        daemon [_thread_blocked, id=27972, stack(0x000000b296800000,0x000000b296900000) (1024K)]
  0x000001f06664f850 JavaThread "Worker-JM"                         [_thread_blocked, id=25760, stack(0x000000b297a00000,0x000000b297b00000) (1024K)]
  0x000001f066650c00 JavaThread "JNA Cleaner"                daemon [_thread_blocked, id=26332, stack(0x000000b296b00000,0x000000b296c00000) (1024K)]
  0x000001f06664fee0 JavaThread "Worker-0: Initialize workspace"        [_thread_in_vm, id=20600, stack(0x000000b297b00000,0x000000b297c00000) (1024K)]
  0x000001f066655ac0 JavaThread "Worker-2"                          [_thread_blocked, id=22332, stack(0x000000b297f00000,0x000000b298000000) (1024K)]
  0x000001f066654080 JavaThread "Java indexing"              daemon [_thread_blocked, id=10392, stack(0x000000b298000000,0x000000b298100000) (1024K)]
  0x000001f066655430 JavaThread "Worker-3: Initialize Workspace"        [_thread_blocked, id=22676, stack(0x000000b298300000,0x000000b298400000) (1024K)]
  0x000001f066654710 JavaThread "Worker-4"                          [_thread_blocked, id=14872, stack(0x000000b298400000,0x000000b298500000) (1024K)]
  0x000001f066656e70 JavaThread "Thread-1"                   daemon [_thread_in_native, id=26628, stack(0x000000b298500000,0x000000b298600000) (1024K)]
  0x000001f0666567e0 JavaThread "Thread-2"                   daemon [_thread_in_native, id=7324, stack(0x000000b298600000,0x000000b298700000) (1024K)]
  0x000001f066654da0 JavaThread "Thread-3"                   daemon [_thread_in_native, id=18640, stack(0x000000b298700000,0x000000b298800000) (1024K)]
  0x000001f0666539f0 JavaThread "Thread-4"                   daemon [_thread_in_native, id=28004, stack(0x000000b298800000,0x000000b298900000) (1024K)]
  0x000001f066656150 JavaThread "Thread-5"                   daemon [_thread_in_native, id=27800, stack(0x000000b298900000,0x000000b298a00000) (1024K)]
  0x000001f06621a410 JavaThread "Thread-6"                   daemon [_thread_in_native, id=16476, stack(0x000000b298a00000,0x000000b298b00000) (1024K)]
  0x000001f066219d80 JavaThread "Thread-7"                   daemon [_thread_in_native, id=19116, stack(0x000000b298b00000,0x000000b298c00000) (1024K)]
  0x000001f06621b7c0 JavaThread "Thread-8"                   daemon [_thread_in_native, id=28660, stack(0x000000b298c00000,0x000000b298d00000) (1024K)]
  0x000001f06621b130 JavaThread "Thread-9"                   daemon [_thread_in_native, id=19736, stack(0x000000b298d00000,0x000000b298e00000) (1024K)]
  0x000001f06621be50 JavaThread "Thread-10"                  daemon [_thread_in_native, id=16648, stack(0x000000b298e00000,0x000000b298f00000) (1024K)]
  0x000001f06621c4e0 JavaThread "Thread-11"                  daemon [_thread_in_native, id=17384, stack(0x000000b298f00000,0x000000b299000000) (1024K)]
  0x000001f06621aaa0 JavaThread "Thread-12"                  daemon [_thread_in_native, id=26992, stack(0x000000b299000000,0x000000b299100000) (1024K)]
  0x000001f0662196f0 JavaThread "Thread-13"                  daemon [_thread_in_native, id=7496, stack(0x000000b299100000,0x000000b299200000) (1024K)]
  0x000001f066219060 JavaThread "pool-2-thread-1"                   [_thread_blocked, id=26848, stack(0x000000b299200000,0x000000b299300000) (1024K)]
  0x000001f06615dcd0 JavaThread "WorkspaceEventsHandler"            [_thread_blocked, id=4072, stack(0x000000b299300000,0x000000b299400000) (1024K)]
  0x000001f06615d640 JavaThread "pool-1-thread-1"                   [_thread_blocked, id=6224, stack(0x000000b299400000,0x000000b299500000) (1024K)]
  0x000001f06615e360 JavaThread "ForkJoinPool.commonPool-worker-1" daemon [_thread_blocked, id=16556, stack(0x000000b299500000,0x000000b299600000) (1024K)]
  0x000001f06615c290 JavaThread "ForkJoinPool.commonPool-worker-2" daemon [_thread_blocked, id=22820, stack(0x000000b299700000,0x000000b299800000) (1024K)]
  0x000001f06615aee0 JavaThread "ForkJoinPool.commonPool-worker-4" daemon [_thread_in_native, id=26128, stack(0x000000b299800000,0x000000b299900000) (1024K)]
  0x000001f06615e9f0 JavaThread "ForkJoinPool.commonPool-worker-5" daemon [_thread_blocked, id=14084, stack(0x000000b299900000,0x000000b299a00000) (1024K)]
  0x000001f06615cfb0 JavaThread "ForkJoinPool.commonPool-worker-6" daemon [_thread_blocked, id=23788, stack(0x000000b299a00000,0x000000b299b00000) (1024K)]
  0x000001f06615b570 JavaThread "ForkJoinPool.commonPool-worker-7" daemon [_thread_blocked, id=8824, stack(0x000000b299b00000,0x000000b299c00000) (1024K)]
  0x000001f06615f080 JavaThread "ForkJoinPool.commonPool-worker-9" daemon [_thread_blocked, id=25300, stack(0x000000b299c00000,0x000000b299d00000) (1024K)]
  0x000001f06615bc00 JavaThread "ForkJoinPool.commonPool-worker-8" daemon [_thread_blocked, id=7984, stack(0x000000b299d00000,0x000000b299e00000) (1024K)]
  0x000001f066161e70 JavaThread "ForkJoinPool.commonPool-worker-10" daemon [_thread_blocked, id=26424, stack(0x000000b299e00000,0x000000b299f00000) (1024K)]
  0x000001f06615f710 JavaThread "ForkJoinPool.commonPool-worker-11" daemon [_thread_blocked, id=21072, stack(0x000000b299f00000,0x000000b29a000000) (1024K)]
  0x000001f06615c920 JavaThread "ForkJoinPool.commonPool-worker-12" daemon [_thread_blocked, id=23216, stack(0x000000b295900000,0x000000b295a00000) (1024K)]
  0x000001f06b52b930 JavaThread "C2 CompilerThread1"         daemon [_thread_blocked, id=8324, stack(0x000000b295a00000,0x000000b295b00000) (1024K)]
Total: 52

Other Threads:
  0x000001f007d4fa60 VMThread "VM Thread"                           [id=3244, stack(0x000000b295f00000,0x000000b296000000) (1024K)]
  0x000001f007b3ca00 WatcherThread "VM Periodic Task Thread"        [id=28312, stack(0x000000b295e00000,0x000000b295f00000) (1024K)]
  0x000001f007cc9940 WorkerThread "GC Thread#0"                     [id=22136, stack(0x000000b295d00000,0x000000b295e00000) (1024K)]
  0x000001f0667724f0 WorkerThread "GC Thread#1"                     [id=19452, stack(0x000000b296c00000,0x000000b296d00000) (1024K)]
  0x000001f0663ef920 WorkerThread "GC Thread#2"                     [id=27048, stack(0x000000b296d00000,0x000000b296e00000) (1024K)]
  0x000001f0663efcd0 WorkerThread "GC Thread#3"                     [id=16504, stack(0x000000b296e00000,0x000000b296f00000) (1024K)]
  0x000001f0663f0080 WorkerThread "GC Thread#4"                     [id=4480, stack(0x000000b296f00000,0x000000b297000000) (1024K)]
  0x000001f0667e90d0 WorkerThread "GC Thread#5"                     [id=22396, stack(0x000000b297000000,0x000000b297100000) (1024K)]
  0x000001f0667e9880 WorkerThread "GC Thread#6"                     [id=2876, stack(0x000000b297100000,0x000000b297200000) (1024K)]
  0x000001f0665be5b0 WorkerThread "GC Thread#7"                     [id=21416, stack(0x000000b297300000,0x000000b297400000) (1024K)]
  0x000001f066c7d130 WorkerThread "GC Thread#8"                     [id=25856, stack(0x000000b297700000,0x000000b297800000) (1024K)]
  0x000001f066e619a0 WorkerThread "GC Thread#9"                     [id=16264, stack(0x000000b297800000,0x000000b297900000) (1024K)]
Total: 12

Threads with active compile tasks:
C2 CompilerThread0  141050 9840       4       java.lang.invoke.MethodHandleImpl::makePairwiseConvertByEditor (617 bytes)
Total: 1

VM state: not at safepoint (normal execution)

VM Mutex/Monitor currently owned by a thread: None

Heap address: 0x0000000080000000, size: 2048 MB, Compressed Oops mode: 32-bit

CDS archive(s) mapped at: [0x000001f01f000000-0x000001f01fba0000-0x000001f01fba0000), size 12189696, SharedBaseAddress: 0x000001f01f000000, ArchiveRelocationMode: 1.
Compressed class space mapped at: 0x000001f020000000-0x000001f060000000, reserved size: 1073741824
Narrow klass base: 0x000001f01f000000, Narrow klass shift: 0, Narrow klass range: 0x100000000

GC Precious Log:
 CardTable entry size: 512
 CPUs: 12 total, 12 available
 Memory: 16076M
 Large Page Support: Disabled
 NUMA Support: Disabled
 Compressed Oops: Enabled (32-bit)
 Alignments: Space 512K, Generation 512K, Heap 2M
 Heap Min Capacity: 100M
 Heap Initial Capacity: 100M
 Heap Max Capacity: 2G
 Pre-touch: Disabled
 Parallel Workers: 10

Heap:
 PSYoungGen      total 8192K, used 6890K [0x00000000d5580000, 0x00000000d5e80000, 0x0000000100000000)
  eden space 7680K, 83% used [0x00000000d5580000,0x00000000d5bcab20,0x00000000d5d00000)
  from space 512K, 87% used [0x00000000d5d80000,0x00000000d5df0000,0x00000000d5e00000)
  to   space 512K, 0% used [0x00000000d5e00000,0x00000000d5e00000,0x00000000d5e80000)
 ParOldGen       total 80384K, used 79996K [0x0000000080000000, 0x0000000084e80000, 0x00000000d5580000)
  object space 80384K, 99% used [0x0000000080000000,0x0000000084e1f3c8,0x0000000084e80000)
 Metaspace       used 56868K, committed 58432K, reserved 1114112K
  class space    used 6104K, committed 6784K, reserved 1048576K

Card table byte_map: [0x000001f007650000,0x000001f007a60000] _byte_map_base: 0x000001f007250000

Marking Bits: (ParMarkBitMap*) 0x00007ffa8a6a3450
 Begin Bits: [0x000001f01a160000, 0x000001f01c160000)
 End Bits:   [0x000001f01c160000, 0x000001f01e160000)

Polling page: 0x000001f005aa0000

Metaspace:

Usage:
  Non-class:     49.57 MB used.
      Class:      5.96 MB used.
       Both:     55.54 MB used.

Virtual space:
  Non-class space:       64.00 MB reserved,      50.44 MB ( 79%) committed,  1 nodes.
      Class space:        1.00 GB reserved,       6.62 MB ( <1%) committed,  1 nodes.
             Both:        1.06 GB reserved,      57.06 MB (  5%) committed. 

Chunk freelists:
   Non-Class:  12.91 MB
       Class:  9.22 MB
        Both:  22.13 MB

MaxMetaspaceSize: unlimited
CompressedClassSpaceSize: 1.00 GB
Initial GC threshold: 21.00 MB
Current GC threshold: 58.38 MB
CDS: on
 - commit_granule_bytes: 65536.
 - commit_granule_words: 8192.
 - virtual_space_node_default_size: 8388608.
 - enlarge_chunks_in_place: 1.
 - use_allocation_guard: 0.


Internal statistics:

num_allocs_failed_limit: 6.
num_arena_births: 1148.
num_arena_deaths: 14.
num_vsnodes_births: 2.
num_vsnodes_deaths: 0.
num_space_committed: 913.
num_space_uncommitted: 0.
num_chunks_returned_to_freelist: 20.
num_chunks_taken_from_freelist: 3861.
num_chunk_merges: 9.
num_chunk_splits: 2356.
num_chunks_enlarged: 1269.
num_inconsistent_stats: 0.

CodeHeap 'non-profiled nmethods': size=120000Kb used=6939Kb max_used=6939Kb free=113060Kb
 bounds [0x000001f012980000, 0x000001f013050000, 0x000001f019eb0000]
CodeHeap 'profiled nmethods': size=120000Kb used=20353Kb max_used=20353Kb free=99646Kb
 bounds [0x000001f00aeb0000, 0x000001f00c2a0000, 0x000001f0123e0000]
CodeHeap 'non-nmethods': size=5760Kb used=1408Kb max_used=1474Kb free=4351Kb
 bounds [0x000001f0123e0000, 0x000001f012650000, 0x000001f012980000]
CodeCache: size=245760Kb, used=28700Kb, max_used=28766Kb, free=217057Kb
 total_blobs=9976, nmethods=9260, adapters=621, full_count=0
Compilation: enabled, stopped_count=0, restarted_count=0

Compilation events (20 events):
Event: 140.849 Thread 0x000001f060ad5b00 nmethod 9838 0x000001f00c288710 code [0x000001f00c2888e0, 0x000001f00c288c10]
Event: 140.849 Thread 0x000001f060ad5b00 9839       1       org.eclipse.core.internal.resources.MarkerInfo::getType (5 bytes)
Event: 140.849 Thread 0x000001f060ad5b00 nmethod 9839 0x000001f013045190 code [0x000001f013045320, 0x000001f0130453e8]
Event: 140.849 Thread 0x000001f007d67f00 9840       4       java.lang.invoke.MethodHandleImpl::makePairwiseConvertByEditor (617 bytes)
Event: 140.858 Thread 0x000001f060ad5b00 9841       3       org.eclipse.core.runtime.Path::<init> (77 bytes)
Event: 140.859 Thread 0x000001f060ad5b00 nmethod 9841 0x000001f00c288d90 code [0x000001f00c288fc0, 0x000001f00c289548]
Event: 140.865 Thread 0x000001f060ad5b00 9843       3       java.util.LinkedList::checkPositionIndex (22 bytes)
Event: 140.866 Thread 0x000001f060ad5b00 nmethod 9843 0x000001f00c289810 code [0x000001f00c289a80, 0x000001f00c28a368]
Event: 140.866 Thread 0x000001f060ad5b00 9844       3       java.util.LinkedList::isPositionIndex (18 bytes)
Event: 140.867 Thread 0x000001f060ad5b00 nmethod 9844 0x000001f00c28a710 code [0x000001f00c28a8c0, 0x000001f00c28aa50]
Event: 140.875 Thread 0x000001f060ad5b00 9847       3       org.eclipse.jdt.internal.compiler.parser.Scanner::setSource (65 bytes)
Event: 140.875 Thread 0x000001f060ad5b00 nmethod 9847 0x000001f00c28ab10 code [0x000001f00c28acc0, 0x000001f00c28aea8]
Event: 140.893 Thread 0x000001f060ad5b00 9848   !   3       lombok.launch.ShadowClassLoader::getOrMakeJarListing (193 bytes)
Event: 140.895 Thread 0x000001f060ad5b00 nmethod 9848 0x000001f00c28af90 code [0x000001f00c28b2c0, 0x000001f00c28c688]
Event: 140.924 Thread 0x000001f060ad5b00 9849   !   3       lombok.launch.PackageShader::reverseResourceName (126 bytes)
Event: 140.926 Thread 0x000001f060ad5b00 nmethod 9849 0x000001f00c28ce10 code [0x000001f00c28d120, 0x000001f00c28e148]
Event: 140.934 Thread 0x000001f060ad5b00 9850       3       org.eclipse.jdt.internal.compiler.impl.IrritantSet::clear (22 bytes)
Event: 140.935 Thread 0x000001f060ad5b00 nmethod 9850 0x000001f00c28ea90 code [0x000001f00c28ec40, 0x000001f00c28ed90]
Event: 140.942 Thread 0x000001f060ad5b00 9851       3       org.lombokweb.asm.ClassReader::getFirstAttributeOffset (136 bytes)
Event: 140.943 Thread 0x000001f060ad5b00 nmethod 9851 0x000001f00c28ee90 code [0x000001f00c28f0e0, 0x000001f00c28f770]

GC Heap History (20 events):
Event: 130.155 GC heap before
{Heap before GC invocations=104 (full 2):
 PSYoungGen      total 8704K, used 8607K [0x00000000d5580000, 0x00000000d5f00000, 0x0000000100000000)
  eden space 8192K, 99% used [0x00000000d5580000,0x00000000d5d7fff0,0x00000000d5d80000)
  from space 512K, 81% used [0x00000000d5e00000,0x00000000d5e68000,0x00000000d5e80000)
  to   space 512K, 0% used [0x00000000d5e80000,0x00000000d5e80000,0x00000000d5f00000)
 ParOldGen       total 76800K, used 76397K [0x0000000080000000, 0x0000000084b00000, 0x00000000d5580000)
  object space 76800K, 99% used [0x0000000080000000,0x0000000084a9b6f0,0x0000000084b00000)
 Metaspace       used 53507K, committed 54912K, reserved 1114112K
  class space    used 5715K, committed 6336K, reserved 1048576K
}
Event: 130.157 GC heap after
{Heap after GC invocations=104 (full 2):
 PSYoungGen      total 8704K, used 416K [0x00000000d5580000, 0x00000000d5f00000, 0x0000000100000000)
  eden space 8192K, 0% used [0x00000000d5580000,0x00000000d5580000,0x00000000d5d80000)
  from space 512K, 81% used [0x00000000d5e80000,0x00000000d5ee8000,0x00000000d5f00000)
  to   space 512K, 0% used [0x00000000d5e00000,0x00000000d5e00000,0x00000000d5e80000)
 ParOldGen       total 76800K, used 76605K [0x0000000080000000, 0x0000000084b00000, 0x00000000d5580000)
  object space 76800K, 99% used [0x0000000080000000,0x0000000084acf6f0,0x0000000084b00000)
 Metaspace       used 53507K, committed 54912K, reserved 1114112K
  class space    used 5715K, committed 6336K, reserved 1048576K
}
Event: 130.427 GC heap before
{Heap before GC invocations=105 (full 2):
 PSYoungGen      total 8704K, used 8608K [0x00000000d5580000, 0x00000000d5f00000, 0x0000000100000000)
  eden space 8192K, 100% used [0x00000000d5580000,0x00000000d5d80000,0x00000000d5d80000)
  from space 512K, 81% used [0x00000000d5e80000,0x00000000d5ee8000,0x00000000d5f00000)
  to   space 512K, 0% used [0x00000000d5e00000,0x00000000d5e00000,0x00000000d5e80000)
 ParOldGen       total 76800K, used 76605K [0x0000000080000000, 0x0000000084b00000, 0x00000000d5580000)
  object space 76800K, 99% used [0x0000000080000000,0x0000000084acf6f0,0x0000000084b00000)
 Metaspace       used 53510K, committed 54912K, reserved 1114112K
  class space    used 5715K, committed 6336K, reserved 1048576K
}
Event: 130.432 GC heap after
{Heap after GC invocations=105 (full 2):
 PSYoungGen      total 8704K, used 416K [0x00000000d5580000, 0x00000000d5f00000, 0x0000000100000000)
  eden space 8192K, 0% used [0x00000000d5580000,0x00000000d5580000,0x00000000d5d80000)
  from space 512K, 81% used [0x00000000d5e00000,0x00000000d5e68000,0x00000000d5e80000)
  to   space 512K, 0% used [0x00000000d5e80000,0x00000000d5e80000,0x00000000d5f00000)
 ParOldGen       total 77312K, used 76813K [0x0000000080000000, 0x0000000084b80000, 0x00000000d5580000)
  object space 77312K, 99% used [0x0000000080000000,0x0000000084b036f0,0x0000000084b80000)
 Metaspace       used 53510K, committed 54912K, reserved 1114112K
  class space    used 5715K, committed 6336K, reserved 1048576K
}
Event: 131.326 GC heap before
{Heap before GC invocations=106 (full 2):
 PSYoungGen      total 8704K, used 8608K [0x00000000d5580000, 0x00000000d5f00000, 0x0000000100000000)
  eden space 8192K, 100% used [0x00000000d5580000,0x00000000d5d80000,0x00000000d5d80000)
  from space 512K, 81% used [0x00000000d5e00000,0x00000000d5e68000,0x00000000d5e80000)
  to   space 512K, 0% used [0x00000000d5e80000,0x00000000d5e80000,0x00000000d5f00000)
 ParOldGen       total 77312K, used 76813K [0x0000000080000000, 0x0000000084b80000, 0x00000000d5580000)
  object space 77312K, 99% used [0x0000000080000000,0x0000000084b036f0,0x0000000084b80000)
 Metaspace       used 53650K, committed 55040K, reserved 1114112K
  class space    used 5726K, committed 6336K, reserved 1048576K
}
Event: 131.329 GC heap after
{Heap after GC invocations=106 (full 2):
 PSYoungGen      total 8192K, used 512K [0x00000000d5580000, 0x00000000d6080000, 0x0000000100000000)
  eden space 7680K, 0% used [0x00000000d5580000,0x00000000d5580000,0x00000000d5d00000)
  from space 512K, 100% used [0x00000000d5e80000,0x00000000d5f00000,0x00000000d5f00000)
  to   space 1536K, 0% used [0x00000000d5d00000,0x00000000d5d00000,0x00000000d5e80000)
 ParOldGen       total 77312K, used 77245K [0x0000000080000000, 0x0000000084b80000, 0x00000000d5580000)
  object space 77312K, 99% used [0x0000000080000000,0x0000000084b6f6f0,0x0000000084b80000)
 Metaspace       used 53650K, committed 55040K, reserved 1114112K
  class space    used 5726K, committed 6336K, reserved 1048576K
}
Event: 131.622 GC heap before
{Heap before GC invocations=107 (full 2):
 PSYoungGen      total 8192K, used 8187K [0x00000000d5580000, 0x00000000d6080000, 0x0000000100000000)
  eden space 7680K, 99% used [0x00000000d5580000,0x00000000d5cfecb0,0x00000000d5d00000)
  from space 512K, 100% used [0x00000000d5e80000,0x00000000d5f00000,0x00000000d5f00000)
  to   space 1536K, 0% used [0x00000000d5d00000,0x00000000d5d00000,0x00000000d5e80000)
 ParOldGen       total 77312K, used 77245K [0x0000000080000000, 0x0000000084b80000, 0x00000000d5580000)
  object space 77312K, 99% used [0x0000000080000000,0x0000000084b6f6f0,0x0000000084b80000)
 Metaspace       used 53708K, committed 55104K, reserved 1114112K
  class space    used 5736K, committed 6336K, reserved 1048576K
}
Event: 131.625 GC heap after
{Heap after GC invocations=107 (full 2):
 PSYoungGen      total 8704K, used 688K [0x00000000d5580000, 0x00000000d5f00000, 0x0000000100000000)
  eden space 7680K, 0% used [0x00000000d5580000,0x00000000d5580000,0x00000000d5d00000)
  from space 1024K, 67% used [0x00000000d5d00000,0x00000000d5dac010,0x00000000d5e00000)
  to   space 1024K, 0% used [0x00000000d5e00000,0x00000000d5e00000,0x00000000d5f00000)
 ParOldGen       total 77824K, used 77773K [0x0000000080000000, 0x0000000084c00000, 0x00000000d5580000)
  object space 77824K, 99% used [0x0000000080000000,0x0000000084bf36f0,0x0000000084c00000)
 Metaspace       used 53708K, committed 55104K, reserved 1114112K
  class space    used 5736K, committed 6336K, reserved 1048576K
}
Event: 132.240 GC heap before
{Heap before GC invocations=108 (full 2):
 PSYoungGen      total 8704K, used 8368K [0x00000000d5580000, 0x00000000d5f00000, 0x0000000100000000)
  eden space 7680K, 100% used [0x00000000d5580000,0x00000000d5d00000,0x00000000d5d00000)
  from space 1024K, 67% used [0x00000000d5d00000,0x00000000d5dac010,0x00000000d5e00000)
  to   space 1024K, 0% used [0x00000000d5e00000,0x00000000d5e00000,0x00000000d5f00000)
 ParOldGen       total 77824K, used 77773K [0x0000000080000000, 0x0000000084c00000, 0x00000000d5580000)
  object space 77824K, 99% used [0x0000000080000000,0x0000000084bf36f0,0x0000000084c00000)
 Metaspace       used 53956K, committed 55360K, reserved 1114112K
  class space    used 5755K, committed 6336K, reserved 1048576K
}
Event: 132.246 GC heap after
{Heap after GC invocations=108 (full 2):
 PSYoungGen      total 8704K, used 896K [0x00000000d5580000, 0x00000000d5f00000, 0x0000000100000000)
  eden space 7680K, 0% used [0x00000000d5580000,0x00000000d5580000,0x00000000d5d00000)
  from space 1024K, 87% used [0x00000000d5e00000,0x00000000d5ee0010,0x00000000d5f00000)
  to   space 1024K, 0% used [0x00000000d5d00000,0x00000000d5d00000,0x00000000d5e00000)
 ParOldGen       total 78336K, used 78245K [0x0000000080000000, 0x0000000084c80000, 0x00000000d5580000)
  object space 78336K, 99% used [0x0000000080000000,0x0000000084c696f0,0x0000000084c80000)
 Metaspace       used 53956K, committed 55360K, reserved 1114112K
  class space    used 5755K, committed 6336K, reserved 1048576K
}
Event: 132.677 GC heap before
{Heap before GC invocations=109 (full 2):
 PSYoungGen      total 8704K, used 8576K [0x00000000d5580000, 0x00000000d5f00000, 0x0000000100000000)
  eden space 7680K, 100% used [0x00000000d5580000,0x00000000d5d00000,0x00000000d5d00000)
  from space 1024K, 87% used [0x00000000d5e00000,0x00000000d5ee0010,0x00000000d5f00000)
  to   space 1024K, 0% used [0x00000000d5d00000,0x00000000d5d00000,0x00000000d5e00000)
 ParOldGen       total 78336K, used 78245K [0x0000000080000000, 0x0000000084c80000, 0x00000000d5580000)
  object space 78336K, 99% used [0x0000000080000000,0x0000000084c696f0,0x0000000084c80000)
 Metaspace       used 54640K, committed 56064K, reserved 1114112K
  class space    used 5809K, committed 6400K, reserved 1048576K
}
Event: 132.680 GC heap after
{Heap after GC invocations=109 (full 2):
 PSYoungGen      total 8704K, used 512K [0x00000000d5580000, 0x00000000d5f00000, 0x0000000100000000)
  eden space 7680K, 0% used [0x00000000d5580000,0x00000000d5580000,0x00000000d5d00000)
  from space 1024K, 50% used [0x00000000d5d00000,0x00000000d5d80020,0x00000000d5e00000)
  to   space 1024K, 0% used [0x00000000d5e00000,0x00000000d5e00000,0x00000000d5f00000)
 ParOldGen       total 79360K, used 79010K [0x0000000080000000, 0x0000000084d80000, 0x00000000d5580000)
  object space 79360K, 99% used [0x0000000080000000,0x0000000084d289a0,0x0000000084d80000)
 Metaspace       used 54640K, committed 56064K, reserved 1114112K
  class space    used 5809K, committed 6400K, reserved 1048576K
}
Event: 133.248 GC heap before
{Heap before GC invocations=110 (full 2):
 PSYoungGen      total 8704K, used 8154K [0x00000000d5580000, 0x00000000d5f00000, 0x0000000100000000)
  eden space 7680K, 99% used [0x00000000d5580000,0x00000000d5cf6a48,0x00000000d5d00000)
  from space 1024K, 50% used [0x00000000d5d00000,0x00000000d5d80020,0x00000000d5e00000)
  to   space 1024K, 0% used [0x00000000d5e00000,0x00000000d5e00000,0x00000000d5f00000)
 ParOldGen       total 79360K, used 79010K [0x0000000080000000, 0x0000000084d80000, 0x00000000d5580000)
  object space 79360K, 99% used [0x0000000080000000,0x0000000084d289a0,0x0000000084d80000)
 Metaspace       used 55147K, committed 56640K, reserved 1114112K
  class space    used 5880K, committed 6528K, reserved 1048576K
}
Event: 133.251 GC heap after
{Heap after GC invocations=110 (full 2):
 PSYoungGen      total 8192K, used 390K [0x00000000d5580000, 0x00000000d5e80000, 0x0000000100000000)
  eden space 7680K, 0% used [0x00000000d5580000,0x00000000d5580000,0x00000000d5d00000)
  from space 512K, 76% used [0x00000000d5e00000,0x00000000d5e61a50,0x00000000d5e80000)
  to   space 512K, 0% used [0x00000000d5d80000,0x00000000d5d80000,0x00000000d5e00000)
 ParOldGen       total 79360K, used 79353K [0x0000000080000000, 0x0000000084d80000, 0x00000000d5580000)
  object space 79360K, 99% used [0x0000000080000000,0x0000000084d7e6a0,0x0000000084d80000)
 Metaspace       used 55147K, committed 56640K, reserved 1114112K
  class space    used 5880K, committed 6528K, reserved 1048576K
}
Event: 135.543 GC heap before
{Heap before GC invocations=111 (full 2):
 PSYoungGen      total 8192K, used 8058K [0x00000000d5580000, 0x00000000d5e80000, 0x0000000100000000)
  eden space 7680K, 99% used [0x00000000d5580000,0x00000000d5cfd0f0,0x00000000d5d00000)
  from space 512K, 76% used [0x00000000d5e00000,0x00000000d5e61a50,0x00000000d5e80000)
  to   space 512K, 0% used [0x00000000d5d80000,0x00000000d5d80000,0x00000000d5e00000)
 ParOldGen       total 79360K, used 79353K [0x0000000080000000, 0x0000000084d80000, 0x00000000d5580000)
  object space 79360K, 99% used [0x0000000080000000,0x0000000084d7e6a0,0x0000000084d80000)
 Metaspace       used 55969K, committed 57472K, reserved 1114112K
  class space    used 5988K, committed 6592K, reserved 1048576K
}
Event: 135.547 GC heap after
{Heap after GC invocations=111 (full 2):
 PSYoungGen      total 8192K, used 504K [0x00000000d5580000, 0x00000000d5f00000, 0x0000000100000000)
  eden space 7680K, 0% used [0x00000000d5580000,0x00000000d5580000,0x00000000d5d00000)
  from space 512K, 98% used [0x00000000d5d80000,0x00000000d5dfe2e8,0x00000000d5e00000)
  to   space 1024K, 0% used [0x00000000d5e00000,0x00000000d5e00000,0x00000000d5f00000)
 ParOldGen       total 79872K, used 79569K [0x0000000080000000, 0x0000000084e00000, 0x00000000d5580000)
  object space 79872K, 99% used [0x0000000080000000,0x0000000084db46a0,0x0000000084e00000)
 Metaspace       used 55969K, committed 57472K, reserved 1114112K
  class space    used 5988K, committed 6592K, reserved 1048576K
}
Event: 136.586 GC heap before
{Heap before GC invocations=112 (full 2):
 PSYoungGen      total 8192K, used 8184K [0x00000000d5580000, 0x00000000d5f00000, 0x0000000100000000)
  eden space 7680K, 100% used [0x00000000d5580000,0x00000000d5d00000,0x00000000d5d00000)
  from space 512K, 98% used [0x00000000d5d80000,0x00000000d5dfe2e8,0x00000000d5e00000)
  to   space 1024K, 0% used [0x00000000d5e00000,0x00000000d5e00000,0x00000000d5f00000)
 ParOldGen       total 79872K, used 79569K [0x0000000080000000, 0x0000000084e00000, 0x00000000d5580000)
  object space 79872K, 99% used [0x0000000080000000,0x0000000084db46a0,0x0000000084e00000)
 Metaspace       used 56078K, committed 57536K, reserved 1114112K
  class space    used 6027K, committed 6656K, reserved 1048576K
}
Event: 136.588 GC heap after
{Heap after GC invocations=112 (full 2):
 PSYoungGen      total 8192K, used 192K [0x00000000d5580000, 0x00000000d5e80000, 0x0000000100000000)
  eden space 7680K, 0% used [0x00000000d5580000,0x00000000d5580000,0x00000000d5d00000)
  from space 512K, 37% used [0x00000000d5e00000,0x00000000d5e30000,0x00000000d5e80000)
  to   space 512K, 0% used [0x00000000d5d80000,0x00000000d5d80000,0x00000000d5e00000)
 ParOldGen       total 80384K, used 79940K [0x0000000080000000, 0x0000000084e80000, 0x00000000d5580000)
  object space 80384K, 99% used [0x0000000080000000,0x0000000084e113c8,0x0000000084e80000)
 Metaspace       used 56078K, committed 57536K, reserved 1114112K
  class space    used 6027K, committed 6656K, reserved 1048576K
}
Event: 140.196 GC heap before
{Heap before GC invocations=113 (full 2):
 PSYoungGen      total 8192K, used 7872K [0x00000000d5580000, 0x00000000d5e80000, 0x0000000100000000)
  eden space 7680K, 100% used [0x00000000d5580000,0x00000000d5d00000,0x00000000d5d00000)
  from space 512K, 37% used [0x00000000d5e00000,0x00000000d5e30000,0x00000000d5e80000)
  to   space 512K, 0% used [0x00000000d5d80000,0x00000000d5d80000,0x00000000d5e00000)
 ParOldGen       total 80384K, used 79940K [0x0000000080000000, 0x0000000084e80000, 0x00000000d5580000)
  object space 80384K, 99% used [0x0000000080000000,0x0000000084e113c8,0x0000000084e80000)
 Metaspace       used 56498K, committed 57920K, reserved 1114112K
  class space    used 6073K, committed 6720K, reserved 1048576K
}
Event: 140.199 GC heap after
{Heap after GC invocations=113 (full 2):
 PSYoungGen      total 8192K, used 448K [0x00000000d5580000, 0x00000000d5e80000, 0x0000000100000000)
  eden space 7680K, 0% used [0x00000000d5580000,0x00000000d5580000,0x00000000d5d00000)
  from space 512K, 87% used [0x00000000d5d80000,0x00000000d5df0000,0x00000000d5e00000)
  to   space 512K, 0% used [0x00000000d5e00000,0x00000000d5e00000,0x00000000d5e80000)
 ParOldGen       total 80384K, used 79996K [0x0000000080000000, 0x0000000084e80000, 0x00000000d5580000)
  object space 80384K, 99% used [0x0000000080000000,0x0000000084e1f3c8,0x0000000084e80000)
 Metaspace       used 56498K, committed 57920K, reserved 1114112K
  class space    used 6073K, committed 6720K, reserved 1048576K
}

Dll operation events (10 events):
Event: 0.021 Loaded shared library c:\Users\Madhuri\.vscode\extensions\redhat.java-1.54.0-win32-x64\jre\21.0.10-win32-x86_64\bin\java.dll
Event: 0.147 Loaded shared library c:\Users\Madhuri\.vscode\extensions\redhat.java-1.54.0-win32-x64\jre\21.0.10-win32-x86_64\bin\zip.dll
Event: 0.202 Loaded shared library C:\Users\Madhuri\.vscode\extensions\redhat.java-1.54.0-win32-x64\jre\21.0.10-win32-x86_64\bin\instrument.dll
Event: 0.218 Loaded shared library C:\Users\Madhuri\.vscode\extensions\redhat.java-1.54.0-win32-x64\jre\21.0.10-win32-x86_64\bin\net.dll
Event: 0.224 Loaded shared library C:\Users\Madhuri\.vscode\extensions\redhat.java-1.54.0-win32-x64\jre\21.0.10-win32-x86_64\bin\nio.dll
Event: 0.234 Loaded shared library C:\Users\Madhuri\.vscode\extensions\redhat.java-1.54.0-win32-x64\jre\21.0.10-win32-x86_64\bin\zip.dll
Event: 0.287 Loaded shared library C:\Users\Madhuri\.vscode\extensions\redhat.java-1.54.0-win32-x64\jre\21.0.10-win32-x86_64\bin\jimage.dll
Event: 0.472 Loaded shared library c:\Users\Madhuri\.vscode\extensions\redhat.java-1.54.0-win32-x64\jre\21.0.10-win32-x86_64\bin\verify.dll
Event: 3.065 Loaded shared library C:\Users\Madhuri\AppData\Roaming\Code\User\globalStorage\redhat.java\1.54.0\config_win\org.eclipse.equinox.launcher\org.eclipse.equinox.launcher.win32.win32.x86_64_1.3.0.v20260203-2149\eclipse_11919.dll
Event: 8.003 Loaded shared library C:\Users\Madhuri\AppData\Local\Temp\jna--1804066508\jna13580241781355110594.dll

Deoptimization events (20 events):
Event: 132.681 Thread 0x000001f06615c290 Uncommon trap: trap_request=0xffffff45 fr.pc=0x000001f012f9a794 relative=0x0000000000000354
Event: 132.681 Thread 0x000001f06615c290 Uncommon trap: reason=unstable_if action=reinterpret pc=0x000001f012f9a794 method=org.eclipse.core.runtime.Path.equals(Ljava/lang/Object;)Z @ 36 c2
Event: 132.681 Thread 0x000001f06615c290 DEOPT PACKING pc=0x000001f012f9a794 sp=0x000000b2997fe980
Event: 132.681 Thread 0x000001f06615c290 DEOPT UNPACKING pc=0x000001f012433aa2 sp=0x000000b2997fe908 mode 2
Event: 135.394 Thread 0x000001f06615aee0 DEOPT PACKING pc=0x000001f00c214d8d sp=0x000000b2998f8f50
Event: 135.394 Thread 0x000001f06615aee0 DEOPT UNPACKING pc=0x000001f012434242 sp=0x000000b2998f8400 mode 0
Event: 135.922 Thread 0x000001f06615aee0 DEOPT PACKING pc=0x000001f00b3e8ab9 sp=0x000000b2998f8a90
Event: 135.923 Thread 0x000001f06615aee0 DEOPT UNPACKING pc=0x000001f012434242 sp=0x000000b2998f7f90 mode 0
Event: 137.192 Thread 0x000001f06615c920 DEOPT PACKING pc=0x000001f00b0992a0 sp=0x000000b2959fe6d0
Event: 137.192 Thread 0x000001f06615c920 DEOPT UNPACKING pc=0x000001f012434242 sp=0x000000b2959fdbd8 mode 3
Event: 137.193 Thread 0x000001f06615c920 Uncommon trap: trap_request=0xffffff45 fr.pc=0x000001f012ee603c relative=0x0000000000000c1c
Event: 137.193 Thread 0x000001f06615c920 Uncommon trap: reason=unstable_if action=reinterpret pc=0x000001f012ee603c method=java.util.concurrent.ConcurrentHashMap.putVal(Ljava/lang/Object;Ljava/lang/Object;Z)Ljava/lang/Object; @ 245 c2
Event: 137.193 Thread 0x000001f06615c920 DEOPT PACKING pc=0x000001f012ee603c sp=0x000000b2959fe930
Event: 137.193 Thread 0x000001f06615c920 DEOPT UNPACKING pc=0x000001f012433aa2 sp=0x000000b2959fe8a8 mode 2
Event: 138.123 Thread 0x000001f06664fee0 Uncommon trap: trap_request=0xffffffde fr.pc=0x000001f012f20d60 relative=0x0000000000000120
Event: 138.123 Thread 0x000001f06664fee0 Uncommon trap: reason=class_check action=maybe_recompile pc=0x000001f012f20d60 method=java.util.stream.ReduceOps$ReduceOp.evaluateSequential(Ljava/util/stream/PipelineHelper;Ljava/util/Spliterator;)Ljava/lang/Object; @ 2 c2
Event: 138.123 Thread 0x000001f06664fee0 DEOPT PACKING pc=0x000001f012f20d60 sp=0x000000b297bff1f0
Event: 138.123 Thread 0x000001f06664fee0 DEOPT UNPACKING pc=0x000001f012433aa2 sp=0x000000b297bff188 mode 2
Event: 138.371 Thread 0x000001f06615aee0 DEOPT PACKING pc=0x000001f00b3e8ab9 sp=0x000000b2998fbcd0
Event: 138.371 Thread 0x000001f06615aee0 DEOPT UNPACKING pc=0x000001f012434242 sp=0x000000b2998fb1d0 mode 0

Classes loaded (20 events):
Event: 132.156 Loading class java/util/AbstractList$RandomAccessSubList
Event: 132.157 Loading class java/util/AbstractList$SubList
Event: 132.158 Loading class java/util/AbstractList$SubList done
Event: 132.158 Loading class java/util/AbstractList$RandomAccessSubList done
Event: 132.169 Loading class java/util/AbstractList$SubList$1
Event: 132.170 Loading class java/util/AbstractList$SubList$1 done
Event: 132.344 Loading class java/util/HashMap$EntrySpliterator
Event: 132.354 Loading class java/util/HashMap$EntrySpliterator done
Event: 138.122 Loading class java/util/stream/ReduceOps$5
Event: 138.122 Loading class java/util/stream/ReduceOps$5 done
Event: 138.123 Loading class java/util/stream/ReduceOps$CountingSink$OfRef
Event: 138.123 Loading class java/util/stream/ReduceOps$CountingSink
Event: 138.124 Loading class java/util/stream/ReduceOps$CountingSink done
Event: 138.124 Loading class java/util/stream/ReduceOps$CountingSink$OfRef done
Event: 138.222 Loading class java/util/Vector$1
Event: 138.222 Loading class java/util/Vector$1 done
Event: 140.826 Loading class java/util/stream/ReduceOps$1
Event: 140.826 Loading class java/util/stream/ReduceOps$1 done
Event: 140.826 Loading class java/util/stream/ReduceOps$1ReducingSink
Event: 140.826 Loading class java/util/stream/ReduceOps$1ReducingSink done

Classes unloaded (7 events):
Event: 9.699 Thread 0x000001f007d4fa60 Unloading class 0x000001f0201ad400 'java/lang/invoke/LambdaForm$MH+0x000001f0201ad400'
Event: 9.699 Thread 0x000001f007d4fa60 Unloading class 0x000001f0201ad000 'java/lang/invoke/LambdaForm$MH+0x000001f0201ad000'
Event: 9.699 Thread 0x000001f007d4fa60 Unloading class 0x000001f0201acc00 'java/lang/invoke/LambdaForm$MH+0x000001f0201acc00'
Event: 9.699 Thread 0x000001f007d4fa60 Unloading class 0x000001f0201ac800 'java/lang/invoke/LambdaForm$MH+0x000001f0201ac800'
Event: 9.699 Thread 0x000001f007d4fa60 Unloading class 0x000001f0201ac400 'java/lang/invoke/LambdaForm$BMH+0x000001f0201ac400'
Event: 9.699 Thread 0x000001f007d4fa60 Unloading class 0x000001f0201ac000 'java/lang/invoke/LambdaForm$DMH+0x000001f0201ac000'
Event: 9.699 Thread 0x000001f007d4fa60 Unloading class 0x000001f0201aac00 'java/lang/invoke/LambdaForm$DMH+0x000001f0201aac00'

Classes redefined (0 events):
No events

Internal exceptions (20 events):
Event: 125.299 Thread 0x000001f06664fee0 Implicit null exception at 0x000001f012cc902a to 0x000001f012cc91d0
Event: 125.299 Thread 0x000001f06664fee0 Implicit null exception at 0x000001f012cc88a3 to 0x000001f012cc8a48
Event: 125.669 Thread 0x000001f06615aee0 Exception <a 'java/lang/IncompatibleClassChangeError'{0x00000000d58244e8}: Found class java.lang.Object, but interface was expected> (0x00000000d58244e8) 
thrown [s\src\hotspot\share\interpreter\linkResolver.cpp, line 840]
Event: 126.003 Thread 0x000001f06615aee0 Implicit null exception at 0x000001f012e4bbd6 to 0x000001f012e4c14c
Event: 126.003 Thread 0x000001f06615aee0 Implicit null exception at 0x000001f012d16ea6 to 0x000001f012d17474
Event: 126.022 Thread 0x000001f06615aee0 Implicit null exception at 0x000001f012e4a181 to 0x000001f012e4a73c
Event: 126.409 Thread 0x000001f06664fee0 Exception <a 'sun/nio/fs/WindowsException'{0x00000000d5d07528}> (0x00000000d5d07528) 
thrown [s\src\hotspot\share\prims\jni.cpp, line 520]
Event: 126.409 Thread 0x000001f06664fee0 Exception <a 'sun/nio/fs/WindowsException'{0x00000000d5d07ea0}> (0x00000000d5d07ea0) 
thrown [s\src\hotspot\share\prims\jni.cpp, line 520]
Event: 132.223 Thread 0x000001f06615c920 Exception <a 'sun/nio/fs/WindowsException'{0x00000000d5cbec48}> (0x00000000d5cbec48) 
thrown [s\src\hotspot\share\prims\jni.cpp, line 520]
Event: 132.224 Thread 0x000001f06615c920 Exception <a 'sun/nio/fs/WindowsException'{0x00000000d5cfafc8}> (0x00000000d5cfafc8) 
thrown [s\src\hotspot\share\prims\jni.cpp, line 520]
Event: 132.247 Thread 0x000001f06615c920 Exception <a 'sun/nio/fs/WindowsException'{0x00000000d5581f90}> (0x00000000d5581f90) 
thrown [s\src\hotspot\share\prims\jni.cpp, line 520]
Event: 132.247 Thread 0x000001f06615c920 Exception <a 'sun/nio/fs/WindowsException'{0x00000000d5582b88}> (0x00000000d5582b88) 
thrown [s\src\hotspot\share\prims\jni.cpp, line 520]
Event: 132.265 Thread 0x000001f06615c920 Exception <a 'sun/nio/fs/WindowsException'{0x00000000d55b5238}> (0x00000000d55b5238) 
thrown [s\src\hotspot\share\prims\jni.cpp, line 520]
Event: 132.274 Thread 0x000001f06615c920 Exception <a 'sun/nio/fs/WindowsException'{0x00000000d55b9660}> (0x00000000d55b9660) 
thrown [s\src\hotspot\share\prims\jni.cpp, line 520]
Event: 132.337 Thread 0x000001f06615c920 Exception <a 'sun/nio/fs/WindowsException'{0x00000000d56f2a60}> (0x00000000d56f2a60) 
thrown [s\src\hotspot\share\prims\jni.cpp, line 520]
Event: 132.338 Thread 0x000001f06615c920 Exception <a 'sun/nio/fs/WindowsException'{0x00000000d56f3630}> (0x00000000d56f3630) 
thrown [s\src\hotspot\share\prims\jni.cpp, line 520]
Event: 132.405 Thread 0x000001f06664fee0 Exception <a 'java/lang/NoSuchMethodError'{0x00000000d57cbe00}: 'java.lang.Object java.lang.invoke.DirectMethodHandle$Holder.invokeSpecial(java.lang.Object, java.lang.Object, int, long)'> (0x00000000d57cbe00) 
thrown [s\src\hotspot\share\interpreter\linkResolver.cpp, line 773]
Event: 134.072 Thread 0x000001f06615aee0 Exception <a 'java/lang/NoSuchMethodError'{0x00000000d58c7110}: 'java.lang.Object java.lang.invoke.DirectMethodHandle$Holder.invokeVirtual(java.lang.Object, java.lang.Object, int)'> (0x00000000d58c7110) 
thrown [s\src\hotspot\share\interpreter\linkResolver.cpp, line 773]
Event: 138.186 Thread 0x000001f06664fee0 Exception <a 'sun/nio/fs/WindowsException'{0x00000000d5aa5cd0}> (0x00000000d5aa5cd0) 
thrown [s\src\hotspot\share\prims\jni.cpp, line 520]
Event: 138.186 Thread 0x000001f06664fee0 Exception <a 'sun/nio/fs/WindowsException'{0x00000000d5aa6398}> (0x00000000d5aa6398) 
thrown [s\src\hotspot\share\prims\jni.cpp, line 520]

ZGC Phase Switch (0 events):
No events

VM Operations (20 events):
Event: 136.556 Executing safepoint VM operation: Cleanup
Event: 136.556 Executing safepoint VM operation: Cleanup done
Event: 136.586 Executing safepoint VM operation: ParallelGCFailedAllocation (Allocation Failure)
Event: 136.589 Executing safepoint VM operation: ParallelGCFailedAllocation (Allocation Failure) done
Event: 137.170 Executing non-safepoint VM operation: HandshakeAllThreads (Deoptimize)
Event: 137.171 Executing non-safepoint VM operation: HandshakeAllThreads (Deoptimize) done
Event: 138.137 Executing non-safepoint VM operation: HandshakeAllThreads (Deoptimize)
Event: 138.157 Executing non-safepoint VM operation: HandshakeAllThreads (Deoptimize) done
Event: 138.157 Executing safepoint VM operation: Cleanup
Event: 138.183 Executing safepoint VM operation: Cleanup done
Event: 139.192 Executing safepoint VM operation: Cleanup
Event: 139.192 Executing safepoint VM operation: Cleanup done
Event: 140.196 Executing safepoint VM operation: ParallelGCFailedAllocation (Allocation Failure)
Event: 140.199 Executing safepoint VM operation: ParallelGCFailedAllocation (Allocation Failure) done
Event: 140.889 Executing non-safepoint VM operation: HandshakeAllThreads (Deoptimize)
Event: 140.889 Executing non-safepoint VM operation: HandshakeAllThreads (Deoptimize) done
Event: 140.902 Executing non-safepoint VM operation: HandshakeAllThreads (Deoptimize)
Event: 140.909 Executing non-safepoint VM operation: HandshakeAllThreads (Deoptimize) done
Event: 140.918 Executing non-safepoint VM operation: HandshakeAllThreads (Deoptimize)
Event: 140.918 Executing non-safepoint VM operation: HandshakeAllThreads (Deoptimize) done

Memory protections (0 events):
No events

Nmethod flushes (20 events):
Event: 12.250 Thread 0x000001f007d4fa60 flushing  nmethod 0x000001f00b458190
Event: 12.250 Thread 0x000001f007d4fa60 flushing  nmethod 0x000001f00b48eb10
Event: 12.250 Thread 0x000001f007d4fa60 flushing  nmethod 0x000001f00b4c0410
Event: 12.250 Thread 0x000001f007d4fa60 flushing  nmethod 0x000001f00b4cf510
Event: 12.250 Thread 0x000001f007d4fa60 flushing  nmethod 0x000001f00b4d0990
Event: 12.250 Thread 0x000001f007d4fa60 flushing  nmethod 0x000001f00b4d1290
Event: 12.250 Thread 0x000001f007d4fa60 flushing  nmethod 0x000001f00b4d2490
Event: 12.250 Thread 0x000001f007d4fa60 flushing  nmethod 0x000001f00b4d2c90
Event: 12.250 Thread 0x000001f007d4fa60 flushing  nmethod 0x000001f00b4d4990
Event: 12.250 Thread 0x000001f007d4fa60 flushing  nmethod 0x000001f00b4d5e10
Event: 12.250 Thread 0x000001f007d4fa60 flushing  nmethod 0x000001f00b4d6290
Event: 12.250 Thread 0x000001f007d4fa60 flushing  nmethod 0x000001f00b4d8210
Event: 12.250 Thread 0x000001f007d4fa60 flushing  nmethod 0x000001f00b4d8f90
Event: 12.250 Thread 0x000001f007d4fa60 flushing  nmethod 0x000001f00b4d9790
Event: 12.250 Thread 0x000001f007d4fa60 flushing  nmethod 0x000001f00b52aa90
Event: 12.250 Thread 0x000001f007d4fa60 flushing  nmethod 0x000001f00b52ad90
Event: 12.250 Thread 0x000001f007d4fa60 flushing  nmethod 0x000001f00b569c90
Event: 12.250 Thread 0x000001f007d4fa60 flushing  nmethod 0x000001f00b5a3710
Event: 12.250 Thread 0x000001f007d4fa60 flushing  nmethod 0x000001f00b5df190
Event: 12.250 Thread 0x000001f007d4fa60 flushing  nmethod 0x000001f00b5df610

Events (20 events):
Event: 122.233 Thread 0x000001f06664fee0 Thread added: 0x000001f066ed1930
Event: 122.234 Thread 0x000001f06664fee0 Thread added: 0x000001f066ed12a0
Event: 122.651 Thread 0x000001f060ad5b00 Thread added: 0x000001f060d0f080
Event: 123.693 Thread 0x000001f060d0f080 Thread exited: 0x000001f060d0f080
Event: 123.694 Thread 0x000001f069cbb230 Thread exited: 0x000001f069cbb230
Event: 124.483 Thread 0x000001f060ad5b00 Thread added: 0x000001f067702570
Event: 125.096 Thread 0x000001f060ad5b00 Thread added: 0x000001f06aeb1fb0
Event: 125.167 Thread 0x000001f066ed2ce0 Thread exited: 0x000001f066ed2ce0
Event: 125.168 Thread 0x000001f066ed1930 Thread exited: 0x000001f066ed1930
Event: 125.168 Thread 0x000001f066ecfef0 Thread exited: 0x000001f066ecfef0
Event: 125.168 Thread 0x000001f066ed12a0 Thread exited: 0x000001f066ed12a0
Event: 125.192 Thread 0x000001f066651920 Thread exited: 0x000001f066651920
Event: 125.761 Thread 0x000001f06aeb1fb0 Thread exited: 0x000001f06aeb1fb0
Event: 126.060 Thread 0x000001f067702570 Thread exited: 0x000001f067702570
Event: 131.433 Thread 0x000001f060ad5b00 Thread added: 0x000001f06a96d6f0
Event: 132.025 Thread 0x000001f06a96d6f0 Thread exited: 0x000001f06a96d6f0
Event: 134.084 Thread 0x000001f060ad5b00 Thread added: 0x000001f06b4c6000
Event: 134.780 Thread 0x000001f06b4c6000 Thread exited: 0x000001f06b4c6000
Event: 137.194 Thread 0x000001f060ad5b00 Thread added: 0x000001f0679bf910
Event: 137.622 Thread 0x000001f0679bf910 Thread exited: 0x000001f0679bf910


Dynamic libraries:
0x00007ff783100000 - 0x00007ff78310e000 	c:\Users\Madhuri\.vscode\extensions\redhat.java-1.54.0-win32-x64\jre\21.0.10-win32-x86_64\bin\java.exe
0x00007ffb29be0000 - 0x00007ffb29e47000 	C:\Windows\SYSTEM32\ntdll.dll
0x00007ffb28430000 - 0x00007ffb284f9000 	C:\Windows\System32\KERNEL32.DLL
0x00007ffb264b0000 - 0x00007ffb268a4000 	C:\Windows\System32\KERNELBASE.dll
0x00007ffb26a30000 - 0x00007ffb26b7b000 	C:\Windows\System32\ucrtbase.dll
0x00007ffb12e00000 - 0x00007ffb12e18000 	c:\Users\Madhuri\.vscode\extensions\redhat.java-1.54.0-win32-x64\jre\21.0.10-win32-x86_64\bin\jli.dll
0x00007ffb12ca0000 - 0x00007ffb12cbe000 	c:\Users\Madhuri\.vscode\extensions\redhat.java-1.54.0-win32-x64\jre\21.0.10-win32-x86_64\bin\VCRUNTIME140.dll
0x00007ffb27ce0000 - 0x00007ffb27ea5000 	C:\Windows\System32\USER32.dll
0x00007ffb27940000 - 0x00007ffb27967000 	C:\Windows\System32\win32u.dll
0x00007ffb28ac0000 - 0x00007ffb28aeb000 	C:\Windows\System32\GDI32.dll
0x00007ffb051d0000 - 0x00007ffb05463000 	C:\Windows\WinSxS\amd64_microsoft.windows.common-controls_6595b64144ccf1df_6.0.26100.8115_none_3e075c82e3354f9c\COMCTL32.dll
0x00007ffb27760000 - 0x00007ffb2788b000 	C:\Windows\System32\gdi32full.dll
0x00007ffb28b00000 - 0x00007ffb28ba9000 	C:\Windows\System32\msvcrt.dll
0x00007ffb27890000 - 0x00007ffb27933000 	C:\Windows\System32\msvcp_win.dll
0x00007ffb28360000 - 0x00007ffb28392000 	C:\Windows\System32\IMM32.DLL
0x00007ffb20820000 - 0x00007ffb2082c000 	c:\Users\Madhuri\.vscode\extensions\redhat.java-1.54.0-win32-x64\jre\21.0.10-win32-x86_64\bin\vcruntime140_1.dll
0x00007ffaac7a0000 - 0x00007ffaac82d000 	c:\Users\Madhuri\.vscode\extensions\redhat.java-1.54.0-win32-x64\jre\21.0.10-win32-x86_64\bin\msvcp140.dll
0x00007ffa899e0000 - 0x00007ffa8a781000 	c:\Users\Madhuri\.vscode\extensions\redhat.java-1.54.0-win32-x64\jre\21.0.10-win32-x86_64\bin\server\jvm.dll
0x00007ffb27b70000 - 0x00007ffb27c26000 	C:\Windows\System32\ADVAPI32.dll
0x00007ffb27c30000 - 0x00007ffb27cd7000 	C:\Windows\System32\sechost.dll
0x00007ffb27eb0000 - 0x00007ffb27fc8000 	C:\Windows\System32\RPCRT4.dll
0x00007ffb28c10000 - 0x00007ffb28c90000 	C:\Windows\System32\WS2_32.dll
0x00007ffb26310000 - 0x00007ffb2636e000 	C:\Windows\SYSTEM32\POWRPROF.dll
0x00007ffb1be10000 - 0x00007ffb1be46000 	C:\Windows\SYSTEM32\WINMM.dll
0x00007ffb081e0000 - 0x00007ffb081eb000 	C:\Windows\SYSTEM32\VERSION.dll
0x00007ffb262f0000 - 0x00007ffb26304000 	C:\Windows\SYSTEM32\UMPDC.dll
0x00007ffb25240000 - 0x00007ffb2525b000 	C:\Windows\SYSTEM32\kernel.appcore.dll
0x00007ffb135f0000 - 0x00007ffb135fa000 	c:\Users\Madhuri\.vscode\extensions\redhat.java-1.54.0-win32-x64\jre\21.0.10-win32-x86_64\bin\jimage.dll
0x00007ffb243e0000 - 0x00007ffb24622000 	C:\Windows\SYSTEM32\DBGHELP.DLL
0x00007ffb27fd0000 - 0x00007ffb28352000 	C:\Windows\System32\combase.dll
0x00007ffb285c0000 - 0x00007ffb28698000 	C:\Windows\System32\OLEAUT32.dll
0x00007ffb037e0000 - 0x00007ffb0381b000 	C:\Windows\SYSTEM32\dbgcore.DLL
0x00007ffb276b0000 - 0x00007ffb27755000 	C:\Windows\System32\bcryptPrimitives.dll
0x00007ffb132c0000 - 0x00007ffb132cf000 	c:\Users\Madhuri\.vscode\extensions\redhat.java-1.54.0-win32-x64\jre\21.0.10-win32-x86_64\bin\instrument.dll
0x00007ffb12a00000 - 0x00007ffb12a20000 	c:\Users\Madhuri\.vscode\extensions\redhat.java-1.54.0-win32-x64\jre\21.0.10-win32-x86_64\bin\java.dll
0x00007ffb29430000 - 0x00007ffb29b97000 	C:\Windows\System32\SHELL32.dll
0x00007ffb26c10000 - 0x00007ffb26d7a000 	C:\Windows\System32\wintypes.dll
0x00007ffb26e40000 - 0x00007ffb276a8000 	C:\Windows\System32\windows.storage.dll
0x00007ffb28840000 - 0x00007ffb28938000 	C:\Windows\System32\SHCORE.dll
0x00007ffb27b00000 - 0x00007ffb27b66000 	C:\Windows\System32\shlwapi.dll
0x00007ffb263d0000 - 0x00007ffb263f9000 	C:\Windows\SYSTEM32\profapi.dll
0x00007ffb12960000 - 0x00007ffb12978000 	c:\Users\Madhuri\.vscode\extensions\redhat.java-1.54.0-win32-x64\jre\21.0.10-win32-x86_64\bin\zip.dll
0x00007ffb12f80000 - 0x00007ffb12f90000 	C:\Users\Madhuri\.vscode\extensions\redhat.java-1.54.0-win32-x64\jre\21.0.10-win32-x86_64\bin\net.dll
0x00007ffb14b10000 - 0x00007ffb14c3d000 	C:\Windows\SYSTEM32\WINHTTP.dll
0x00007ffb257b0000 - 0x00007ffb2581c000 	C:\Windows\system32\mswsock.dll
0x00007ffb124e0000 - 0x00007ffb124f6000 	C:\Users\Madhuri\.vscode\extensions\redhat.java-1.54.0-win32-x64\jre\21.0.10-win32-x86_64\bin\nio.dll
0x00007ffb12de0000 - 0x00007ffb12df0000 	c:\Users\Madhuri\.vscode\extensions\redhat.java-1.54.0-win32-x64\jre\21.0.10-win32-x86_64\bin\verify.dll
0x00007ffb02890000 - 0x00007ffb028d5000 	C:\Users\Madhuri\AppData\Roaming\Code\User\globalStorage\redhat.java\1.54.0\config_win\org.eclipse.equinox.launcher\org.eclipse.equinox.launcher.win32.win32.x86_64_1.3.0.v20260203-2149\eclipse_11919.dll
0x00007ffb286a0000 - 0x00007ffb28837000 	C:\Windows\System32\ole32.dll
0x00007ffb25a90000 - 0x00007ffb25aab000 	C:\Windows\SYSTEM32\CRYPTSP.dll
0x00007ffb251a0000 - 0x00007ffb251d9000 	C:\Windows\system32\rsaenh.dll
0x00007ffb25860000 - 0x00007ffb25893000 	C:\Windows\SYSTEM32\USERENV.dll
0x00007ffb263a0000 - 0x00007ffb263ca000 	C:\Windows\SYSTEM32\bcrypt.dll
0x00007ffb25ab0000 - 0x00007ffb25abc000 	C:\Windows\SYSTEM32\CRYPTBASE.dll
0x00007ffb24cb0000 - 0x00007ffb24ce2000 	C:\Windows\SYSTEM32\IPHLPAPI.DLL
0x00007ffb28d20000 - 0x00007ffb28d2a000 	C:\Windows\System32\NSI.dll
0x00007ffab4d10000 - 0x00007ffab4d59000 	C:\Users\Madhuri\AppData\Local\Temp\jna--1804066508\jna13580241781355110594.dll
0x00007ffb27af0000 - 0x00007ffb27af8000 	C:\Windows\System32\PSAPI.DLL
0x00007ffb1bc40000 - 0x00007ffb1bc5d000 	C:\Windows\SYSTEM32\dhcpcsvc6.DLL
0x00007ffb1bc10000 - 0x00007ffb1bc35000 	C:\Windows\SYSTEM32\dhcpcsvc.DLL

JVMTI agents:
c:\Users\Madhuri\.vscode\extensions\redhat.java-1.54.0-win32-x64\lombok\lombok-1.18.39-4050.jar path:c:\Users\Madhuri\.vscode\extensions\redhat.java-1.54.0-win32-x64\jre\21.0.10-win32-x86_64\bin\instrument.dll, loaded, initialized, instrumentlib options:none

dbghelp: loaded successfully - version: 4.0.5 - missing functions: none
symbol engine: initialized successfully - sym options: 0x614 - pdb path: .;c:\Users\Madhuri\.vscode\extensions\redhat.java-1.54.0-win32-x64\jre\21.0.10-win32-x86_64\bin;C:\Windows\SYSTEM32;C:\Windows\WinSxS\amd64_microsoft.windows.common-controls_6595b64144ccf1df_6.0.26100.8115_none_3e075c82e3354f9c;c:\Users\Madhuri\.vscode\extensions\redhat.java-1.54.0-win32-x64\jre\21.0.10-win32-x86_64\bin\server;C:\Users\Madhuri\AppData\Roaming\Code\User\globalStorage\redhat.java\1.54.0\config_win\org.eclipse.equinox.launcher\org.eclipse.equinox.launcher.win32.win32.x86_64_1.3.0.v20260203-2149;C:\Users\Madhuri\AppData\Local\Temp\jna--1804066508

VM Arguments:
jvm_args: --add-modules=ALL-SYSTEM --add-opens=java.base/java.util=ALL-UNNAMED --add-opens=java.base/java.lang=ALL-UNNAMED --add-opens=java.base/sun.nio.fs=ALL-UNNAMED -Declipse.application=org.eclipse.jdt.ls.core.id1 -Dosgi.bundles.defaultStartLevel=4 -Declipse.product=org.eclipse.jdt.ls.core.product -Djava.import.generatesMetadataFilesAtProjectRoot=false -DDetectVMInstallationsJob.disabled=true -Dfile.encoding=utf8 -XX:+UseParallelGC -XX:GCTimeRatio=4 -XX:AdaptiveSizePolicyWeight=90 -Dsun.zip.disableMemoryMapping=true -Xmx2G -Xms100m -Xlog:disable -javaagent:c:\Users\Madhuri\.vscode\extensions\redhat.java-1.54.0-win32-x64\lombok\lombok-1.18.39-4050.jar -XX:+HeapDumpOnOutOfMemoryError -XX:HeapDumpPath=c:\Users\Madhuri\AppData\Roaming\Code\User\workspaceStorage\4500d73292ad80d9944d77f5f37dd611\redhat.java -Daether.dependencyCollector.impl=bf 
java_command: c:\Users\Madhuri\.vscode\extensions\redhat.java-1.54.0-win32-x64\server\plugins\org.eclipse.equinox.launcher_1.7.100.v20251111-0406.jar -configuration c:\Users\Madhuri\AppData\Roaming\Code\User\globalStorage\redhat.java\1.54.0\config_win -data c:\Users\Madhuri\AppData\Roaming\Code\User\workspaceStorage\4500d73292ad80d9944d77f5f37dd611\redhat.java\jdt_ws --pipe=\\.\pipe\lsp-4df4bb8d37a267b06e51744bb14f3c57-sock
java_class_path (initial): c:\Users\Madhuri\.vscode\extensions\redhat.java-1.54.0-win32-x64\server\plugins\org.eclipse.equinox.launcher_1.7.100.v20251111-0406.jar
Launcher Type: SUN_STANDARD

[Global flags]
    uintx AdaptiveSizePolicyWeight                 = 90                                        {product} {command line}
     intx CICompilerCount                          = 4                                         {product} {ergonomic}
    uintx GCTimeRatio                              = 4                                         {product} {command line}
     bool HeapDumpOnOutOfMemoryError               = true                                   {manageable} {command line}
    ccstr HeapDumpPath                             = c:\Users\Madhuri\AppData\Roaming\Code\User\workspaceStorage\4500d73292ad80d9944d77f5f37dd611\redhat.java         {manageable} {command line}
   size_t InitialHeapSize                          = 104857600                                 {product} {command line}
   size_t MaxHeapSize                              = 2147483648                                {product} {command line}
   size_t MaxNewSize                               = 715653120                                 {product} {ergonomic}
   size_t MinHeapDeltaBytes                        = 524288                                    {product} {ergonomic}
   size_t MinHeapSize                              = 104857600                                 {product} {command line}
   size_t NewSize                                  = 34603008                                  {product} {ergonomic}
    uintx NonNMethodCodeHeapSize                   = 5839372                                {pd product} {ergonomic}
    uintx NonProfiledCodeHeapSize                  = 122909434                              {pd product} {ergonomic}
   size_t OldSize                                  = 70254592                                  {product} {ergonomic}
    uintx ProfiledCodeHeapSize                     = 122909434                              {pd product} {ergonomic}
    uintx ReservedCodeCacheSize                    = 251658240                              {pd product} {ergonomic}
     bool SegmentedCodeCache                       = true                                      {product} {ergonomic}
   size_t SoftMaxHeapSize                          = 2147483648                             {manageable} {ergonomic}
     bool UseCompressedOops                        = true                           {product lp64_product} {ergonomic}
     bool UseLargePagesIndividualAllocation        = false                                  {pd product} {ergonomic}
     bool UseParallelGC                            = true                                      {product} {command line}

Logging:
Log output configuration:
 #0: stdout all=off uptime,level,tags foldmultilines=false
 #1: stderr all=off uptime,level,tags foldmultilines=false

Release file:
JAVA_VERSION="21.0.10" 
MODULES="java.base java.compiler java.datatransfer java.xml java.prefs java.desktop java.instrument java.logging java.management java.security.sasl java.naming java.rmi java.management.rmi java.net.http java.scripting java.security.jgss java.transaction.xa java.sql java.sql.rowset java.xml.crypto java.se java.smartcardio jdk.accessibility jdk.internal.jvmstat jdk.attach jdk.charsets jdk.internal.opt jdk.zipfs jdk.compiler jdk.crypto.ec jdk.crypto.cryptoki jdk.crypto.mscapi jdk.dynalink jdk.internal.ed jdk.editpad jdk.hotspot.agent jdk.httpserver jdk.internal.le jdk.internal.vm.ci jdk.internal.vm.compiler jdk.internal.vm.compiler.management jdk.jartool jdk.javadoc jdk.jcmd jdk.management jdk.management.agent jdk.jconsole jdk.jdeps jdk.jdwp.agent jdk.jdi jdk.jfr jdk.jshell jdk.jsobject jdk.jstatd jdk.localedata jdk.management.jfr jdk.naming.dns jdk.naming.rmi jdk.net jdk.nio.mapmode jdk.random jdk.sctp jdk.security.auth jdk.security.jgss jdk.unsupported jdk.unsupported.desktop jdk.xml.dom" 

Environment Variables:
PATH=C:\Users\Madhuri\AppData\Local\Programs\Microsoft VS Code;C:\Program Files\Microsoft\jdk-21.0.8.9-hotspot\bin;C:\Program Files\Common Files\Oracle\Java\javapath;C:\Windows\system32;C:\Windows;C:\Windows\System32\Wbem;C:\Windows\System32\WindowsPowerShell\v1.0\;C:\Windows\System32\OpenSSH\;C:\Program Files\Git\cmd;C:\Program Files\nodejs\;C:\Program Files\Amazon\AWSCLIV2\;C:\Program Files\Docker\Docker\resources\bin;C:\Users\Madhuri\.local\bin;C:\Users\Madhuri\AppData\Local\Programs\Python\Python313\Scripts\;C:\Users\Madhuri\AppData\Local\Programs\Python\Python313\;C:\Users\Madhuri\AppData\Local\Programs\Python\Launcher\;C:\Users\Madhuri\AppData\Local\Microsoft\WindowsApps;C:\Users\Madhuri\AppData\Roaming\npm;C:\Users\Madhuri\AppData\Local\Programs\Antigravity\bin;C:\Users\Madhuri\AppData\Local\Programs\Microsoft VS Code\bin
USERNAME=Madhuri
OS=Windows_NT
PROCESSOR_IDENTIFIER=Intel64 Family 6 Model 154 Stepping 3, GenuineIntel
TMP=C:\Users\Madhuri\AppData\Local\Temp
TEMP=C:\Users\Madhuri\AppData\Local\Temp




Periodic native trim disabled

---------------  S Y S T E M  ---------------

OS:
 Windows 11 , 64 bit Build 26100 (10.0.26100.8246)
OS uptime: 0 days 2:30 hours
Hyper-V role detected

CPU: total 12 (initial active 12) (6 cores per cpu, 2 threads per core) family 6 model 154 stepping 3 microcode 0x43b, cx8, cmov, fxsr, ht, mmx, 3dnowpref, sse, sse2, sse3, ssse3, sse4.1, sse4.2, popcnt, lzcnt, tsc, tscinvbit, avx, avx2, aes, erms, clmul, bmi1, bmi2, adx, sha, fma, vzeroupper, clflush, clflushopt, clwb, hv, serialize, rdtscp, rdpid, fsrm, f16c, cet_ibt, cet_ss
Processor Information for processor 0
  Max Mhz: 2000, Current Mhz: 2000, Mhz Limit: 2000
Processor Information for processor 1
  Max Mhz: 2000, Current Mhz: 2000, Mhz Limit: 2000
Processor Information for processor 2
  Max Mhz: 2000, Current Mhz: 2000, Mhz Limit: 2000
Processor Information for processor 3
  Max Mhz: 2000, Current Mhz: 2000, Mhz Limit: 2000
Processor Information for processor 4
  Max Mhz: 2000, Current Mhz: 2000, Mhz Limit: 2000
Processor Information for processor 5
  Max Mhz: 2000, Current Mhz: 2000, Mhz Limit: 2000
Processor Information for processor 6
  Max Mhz: 2000, Current Mhz: 2000, Mhz Limit: 2000
Processor Information for processor 7
  Max Mhz: 2000, Current Mhz: 2000, Mhz Limit: 2000
Processor Information for processor 8
  Max Mhz: 2000, Current Mhz: 1500, Mhz Limit: 1500
Processor Information for processor 9
  Max Mhz: 2000, Current Mhz: 1500, Mhz Limit: 1500
Processor Information for processor 10
  Max Mhz: 2000, Current Mhz: 1500, Mhz Limit: 1500
Processor Information for processor 11
  Max Mhz: 2000, Current Mhz: 1500, Mhz Limit: 1500

Memory: 4k page, system-wide physical 16076M (1127M free)
TotalPageFile size 20247M (AvailPageFile size 4M)
current process WorkingSet (physical memory assigned to process): 288M, peak: 296M
current process commit charge ("private bytes"): 365M, peak: 373M

vm_info: OpenJDK 64-Bit Server VM (21.0.10+7-LTS) for windows-amd64 JRE (21.0.10+7-LTS), built on 2026-01-20T00:00:00Z by "admin" with MS VC++ 17.12 (VS2022)

END.
